13-04-2020 11:12:10	This log contains information about the import schema operation into project 'Database' on computer 'KRISTIANS-WORKS' by user 'kris7'.
13-04-2020 11:12:10	Import of database schema has started.
13-04-2020 11:12:27	Gathering database credentials
13-04-2020 11:12:27	Gathering database options
13-04-2020 11:12:27	Gathering generic database scoped configuration option
13-04-2020 11:12:27	Gathering users
13-04-2020 11:12:27	Gathering roles
13-04-2020 11:12:27	Gathering application roles
13-04-2020 11:12:27	Gathering role memberships
13-04-2020 11:12:27	Gathering filegroups
13-04-2020 11:12:27	Gathering full-text catalogs
13-04-2020 11:12:27	Gathering assemblies
13-04-2020 11:12:27	Gathering certificates
13-04-2020 11:12:27	Gathering asymmetric keys
13-04-2020 11:12:27	Gathering symmetric keys
13-04-2020 11:12:27	Gathering encrypted symmetric keys
13-04-2020 11:12:27	Gathering schemas
13-04-2020 11:12:27	Gathering XML schema collections
13-04-2020 11:12:27	Gathering user-defined data types
13-04-2020 11:12:27	Gathering user-defined types
13-04-2020 11:12:27	Gathering table types
13-04-2020 11:12:27	Gathering unique keys for table types
13-04-2020 11:12:27	Gathering primary keys for table types
13-04-2020 11:12:27	Gathering indexes for table types
13-04-2020 11:12:27	Gathering check constraints for table types
13-04-2020 11:12:27	Gathering default constraints for table types
13-04-2020 11:12:27	Gathering partition functions
13-04-2020 11:12:27	Gathering partition schemes
13-04-2020 11:12:27	Gathering functions
13-04-2020 11:12:27	Gathering encrypted functions
13-04-2020 11:12:27	Gathering aggregates
13-04-2020 11:12:27	Gathering procedures
13-04-2020 11:12:27	Gathering encrypted procedures
13-04-2020 11:12:27	Gathering tables
13-04-2020 11:12:27	Gathering primary keys
13-04-2020 11:12:27	Gathering unique constraints
13-04-2020 11:12:27	Gathering foreign keys
13-04-2020 11:12:27	Gathering default constraints
13-04-2020 11:12:27	Gathering check constraints
13-04-2020 11:12:27	Gathering views
13-04-2020 11:12:27	Gathering encrypted views
13-04-2020 11:12:27	Gathering indexes
13-04-2020 11:12:27	Gathering statistics
13-04-2020 11:12:27	Gathering full-text index stoplists
13-04-2020 11:12:27	Gathering search property lists
13-04-2020 11:12:27	Gathering search properties
13-04-2020 11:12:27	Gathering full-text indexes
13-04-2020 11:12:27	Gathering column store indexes
13-04-2020 11:12:27	Gathering spatial indexes
13-04-2020 11:12:27	Gathering XML indexes
13-04-2020 11:12:27	Gathering Selective XML indexes
13-04-2020 11:12:27	Gathering encrypted triggers
13-04-2020 11:12:27	Gathering triggers
13-04-2020 11:12:27	Gathering encrypted and clr ddl triggers
13-04-2020 11:12:27	Gathering ddl triggers
13-04-2020 11:12:27	Gathering synonyms
13-04-2020 11:12:27	Gathering defaults
13-04-2020 11:12:27	Gathering data constraint uddt bindings
13-04-2020 11:12:27	Gathering rules
13-04-2020 11:12:27	Gathering data constraint uddt bindings
13-04-2020 11:12:27	Gathering message types
13-04-2020 11:12:27	Gathering queues
13-04-2020 11:12:27	Gathering contracts
13-04-2020 11:12:27	Gathering services
13-04-2020 11:12:27	Gathering event notifications
13-04-2020 11:12:27	Gathering remote service bindings
13-04-2020 11:12:27	Gathering broker priorities
13-04-2020 11:12:27	Gathering signatures
13-04-2020 11:12:27	Gathering data compression options
13-04-2020 11:12:27	Gathering sequence types
13-04-2020 11:12:27	Gathering security policies
13-04-2020 11:12:27	Gather column encryption keys
13-04-2020 11:12:27	Gathering column master keys
13-04-2020 11:12:27	Gathering external data sources
13-04-2020 11:12:27	Gathering external file formats
13-04-2020 11:12:27	Gathering external tables
13-04-2020 11:12:27	Gathering extended properties
13-04-2020 11:12:29	Gathering credentials
13-04-2020 11:12:29	Gathering logins
13-04-2020 11:12:29	Gathering server audits
13-04-2020 11:12:31	Scanning project for duplicate elements
13-04-2020 11:12:31	Finished duplicate element processing
13-04-2020 11:12:31	Finished importing database.
13-04-2020 11:12:31	A summary of the import was saved to the following location: C:\Users\kris7\OneDrive\Programming\_ GitHub _\School Projects\P2Project\GitHub\P2-Project\P2Project\Database\Import Schema Logs\Database_20200413091210.log
13-04-2020 11:12:31	Click Finish to continue...
